TN:
SF:/home/orelshalem/final-project-OS-threadpool/client_main.cpp
FN:5,main
FNDA:1,main
FNF:1
FNH:1
DA:5,1
DA:7,2
DA:8,1
DA:10,1
DA:11,1
DA:13,1
DA:17,22
DA:18,22
DA:20,22
DA:22,1
DA:23,1
DA:26,21
DA:29,1
DA:30,1
LF:14
LH:14
end_of_record
TN:
SF:/home/orelshalem/final-project-OS-threadpool/src/client/Client.cpp
FN:8,_ZN6ClientC2ERKNSt7__cxx1112basic_stringIcSt11char_traitsIcESaIcEEEi
FN:10,_ZN6ClientD2Ev
FN:18,_ZN6Client15connectToServerEv
FN:51,_ZN6Client11sendRequestERKNSt7__cxx1112basic_stringIcSt11char_traitsIcESaIcEEE
FN:136,_ZN6Client19sendMetricsRequestsEv
FN:153,_ZN6Client15receiveResponseB5cxx11Ev
FNDA:49,_ZN6Client15receiveResponseB5cxx11Ev
FNDA:1,_ZN6ClientD2Ev
FNDA:0,_ZN6Client19sendMetricsRequestsEv
FNDA:1,_ZN6ClientC2ERKNSt7__cxx1112basic_stringIcSt11char_traitsIcESaIcEEEi
FNDA:23,_ZN6Client15connectToServerEv
FNDA:22,_ZN6Client11sendRequestERKNSt7__cxx1112basic_stringIcSt11char_traitsIcESaIcEEE
FNF:6
FNH:5
DA:8,1
DA:10,1
DA:12,1
DA:14,1
DA:16,1
DA:18,23
DA:20,23
DA:22,1
DA:23,1
DA:25,0
DA:26,0
DA:30,1
DA:31,1
DA:33,1
DA:35,0
DA:36,0
DA:39,1
DA:41,0
DA:42,0
DA:46,1
DA:47,1
DA:48,1
DA:51,22
DA:53,22
DA:55,22
DA:56,22
DA:58,22
DA:59,22
DA:61,22
DA:63,0
DA:64,0
DA:65,0
DA:66,0
DA:68,0
DA:69,0
DA:71,0
DA:73,22
DA:76,2
DA:77,2
DA:78,2
DA:79,2
DA:81,0
DA:82,0
DA:85,4
DA:86,2
DA:87,2
DA:89,2
DA:90,15
DA:92,13
DA:93,13
DA:94,13
DA:95,13
DA:96,13
DA:98,2
DA:99,2
DA:100,20
DA:102,3
DA:103,3
DA:104,3
DA:105,3
DA:106,3
DA:107,17
DA:109,0
DA:111,0
DA:112,0
DA:113,0
DA:114,0
DA:116,0
DA:118,0
DA:119,33
DA:120,29
DA:121,46
DA:122,12
DA:125,6
DA:127,6
DA:128,6
DA:129,6
DA:130,6
DA:131,6
DA:134,22
DA:136,0
DA:142,0
DA:144,0
DA:146,0
DA:147,0
DA:148,0
DA:149,0
DA:150,0
DA:151,0
DA:153,49
DA:155,49
DA:156,49
DA:164,2006
DA:165,118
DA:166,118
DA:167,118
DA:169,118
DA:170,118
DA:172,0
DA:173,0
DA:175,118
DA:177,70
DA:178,70
DA:180,69
DA:181,69
DA:185,1
DA:190,48
DA:192,69
DA:194,98
DA:195,0
LF:110
LH:76
end_of_record
TN:
SF:/home/orelshalem/final-project-OS-threadpool/src/common/Graph.cpp
FN:6,_ZN5GraphC2Ev
FN:12,_ZN5GraphC2Ei
FN:20,_ZN5Graph7addEdgeEiii
FN:27,_ZN5Graph9addVertexEv
FN:34,_ZN5Graph10removeEdgeEii
FN:40,_ZZN5Graph10removeEdgeEiiENKUlRK4EdgeE_clES2_
FN:43,_ZZN5Graph10removeEdgeEiiENKUlRK4EdgeE0_clES2_
FN:54,_ZN5Graph12removeVertexEi
FN:66,_ZZN5Graph12removeVertexEiENKUlRK4EdgeE_clES2_
FN:90,_ZN5Graph12changeWeightEiii
FN:96,_ZZN5Graph12changeWeightEiiiENKUlRK4EdgeE_clES2_
FN:99,_ZZN5Graph12changeWeightEiiiENKUlRK4EdgeE0_clES2_
FN:113,_ZNK5Graph16getAdjacentEdgesEi
FN:123,_ZNK5Graph11getVerticesEv
FN:128,_ZNK5Graph8getEdgesEv
FN:138,_ZNK5Graph10printGraphEv
FN:151,_ZNK5Graph8toStringB5cxx11Ev
FNDA:1,_ZN5GraphC2Ev
FNDA:30,_ZZN5Graph12removeVertexEiENKUlRK4EdgeE_clES2_
FNDA:12,_ZNK5Graph8toStringB5cxx11Ev
FNDA:6,_ZZN5Graph10removeEdgeEiiENKUlRK4EdgeE0_clES2_
FNDA:1,_ZN5Graph9addVertexEv
FNDA:7,_ZZN5Graph10removeEdgeEiiENKUlRK4EdgeE_clES2_
FNDA:0,_ZNK5Graph10printGraphEv
FNDA:2,_ZZN5Graph12changeWeightEiiiENKUlRK4EdgeE_clES2_
FNDA:18,_ZN5Graph7addEdgeEiii
FNDA:15,_ZNK5Graph16getAdjacentEdgesEi
FNDA:698,_ZNK5Graph11getVerticesEv
FNDA:2,_ZN5Graph10removeEdgeEii
FNDA:2,_ZN5Graph12removeVertexEi
FNDA:3,_ZNK5Graph8getEdgesEv
FNDA:1,_ZN5Graph12changeWeightEiii
FNDA:2,_ZN5GraphC2Ei
FNDA:0,_ZZN5Graph12changeWeightEiiiENKUlRK4EdgeE0_clES2_
FNF:17
FNH:15
DA:6,1
DA:10,1
DA:12,2
DA:14,11
DA:16,9
DA:18,2
DA:20,18
DA:22,18
DA:23,18
DA:24,18
DA:25,18
DA:27,1
DA:29,1
DA:30,1
DA:31,1
DA:34,2
DA:36,2
DA:37,2
DA:39,2
DA:40,7
DA:41,7
DA:42,2
DA:43,6
DA:44,6
DA:46,2
DA:48,2
DA:49,2
DA:51,2
DA:54,2
DA:56,2
DA:58,0
DA:62,12
DA:64,20
DA:65,10
DA:66,30
DA:67,30
DA:68,20
DA:72,2
DA:75,2
DA:76,10
DA:78,8
DA:79,26
DA:81,18
DA:82,18
DA:85,2
DA:87,2
DA:88,2
DA:90,1
DA:92,1
DA:93,1
DA:95,1
DA:96,2
DA:97,2
DA:98,1
DA:99,0
DA:100,0
DA:102,1
DA:104,1
DA:107,0
DA:108,0
DA:110,0
DA:113,15
DA:115,15
DA:116,15
DA:118,15
DA:120,0
DA:123,698
DA:125,698
DA:128,3
DA:130,3
DA:131,18
DA:133,15
DA:135,3
DA:138,0
DA:140,0
DA:142,0
DA:143,0
DA:145,0
DA:147,0
DA:149,0
DA:151,12
DA:153,12
DA:154,12
DA:155,68
DA:157,56
DA:158,56
DA:159,56
DA:161,1
DA:165,217
DA:167,162
DA:171,24
DA:172,12
LF:92
LH:78
end_of_record
TN:
SF:/home/orelshalem/final-project-OS-threadpool/src/common/Graph.hpp
FN:9,_ZN4EdgeC2Eiii
FN:12,_ZNK4EdgeltERKS_
FNDA:93,_ZNK4EdgeltERKS_
FNDA:59,_ZN4EdgeC2Eiii
FNF:2
FNH:2
DA:9,59
DA:12,93
DA:14,93
LF:3
LH:3
end_of_record
TN:
SF:/home/orelshalem/final-project-OS-threadpool/src/common/KruskalMST.cpp
FN:11,_ZN10KruskalMST7findMSTERK5Graph
FN:40,_ZZN10KruskalMST7findMSTERK5GraphENKUliE_clEi
FN:50,_ZZN10KruskalMST7findMSTERK5GraphENKUliiE0_clEii
FNDA:7,_ZZN10KruskalMST7findMSTERK5GraphENKUliiE0_clEii
FNDA:2,_ZN10KruskalMST7findMSTERK5Graph
FNDA:46,_ZZN10KruskalMST7findMSTERK5GraphENKUliE_clEi
FNF:3
FNH:3
DA:11,2
DA:13,2
DA:15,0
DA:18,2
DA:19,2
DA:20,2
DA:23,11
DA:25,9
DA:26,9
DA:27,9
DA:30,2
DA:33,2
DA:34,11
DA:36,9
DA:40,46
DA:42,46
DA:44,8
DA:46,46
DA:47,2
DA:50,7
DA:52,7
DA:53,7
DA:54,7
DA:56,7
DA:58,9
DA:61,12
DA:63,12
DA:64,12
DA:66,12
DA:68,7
DA:69,7
DA:72,12
DA:74,2
DA:78,4
DA:79,2
LF:35
LH:34
end_of_record
TN:
SF:/home/orelshalem/final-project-OS-threadpool/src/common/MSTFactory.cpp
FN:10,_ZN10MSTFactory9createMSTERKNSt7__cxx1112basic_stringIcSt11char_traitsIcESaIcEEE
FNDA:3,_ZN10MSTFactory9createMSTERKNSt7__cxx1112basic_stringIcSt11char_traitsIcESaIcEEE
FNF:1
FNH:1
DA:10,3
DA:12,3
DA:13,3
DA:15,3
DA:17,1
DA:19,2
DA:21,2
DA:25,0
DA:27,3
LF:9
LH:8
end_of_record
TN:
SF:/home/orelshalem/final-project-OS-threadpool/src/common/MSTMetrics.cpp
FN:9,_ZN10MSTMetrics14getTotalWeightERKSt6vectorI4EdgeSaIS1_EE
FN:19,_ZN10MSTMetrics18getLongestDistanceERK5GraphRKSt6vectorI4EdgeSaIS4_EE
FN:68,_ZN10MSTMetrics18getAverageDistanceERK5GraphRKSt6vectorI4EdgeSaIS4_EE
FN:121,_ZN10MSTMetrics19getShortestDistanceERKSt6vectorI4EdgeSaIS1_EE
FN:169,_ZN10MSTMetrics16calculateMetricsERK5GraphRKSt6vectorI4EdgeSaIS4_EE
FNDA:2,_ZN10MSTMetrics19getShortestDistanceERKSt6vectorI4EdgeSaIS1_EE
FNDA:2,_ZN10MSTMetrics18getAverageDistanceERK5GraphRKSt6vectorI4EdgeSaIS4_EE
FNDA:0,_ZN10MSTMetrics16calculateMetricsERK5GraphRKSt6vectorI4EdgeSaIS4_EE
FNDA:2,_ZN10MSTMetrics18getLongestDistanceERK5GraphRKSt6vectorI4EdgeSaIS4_EE
FNDA:2,_ZN10MSTMetrics14getTotalWeightERKSt6vectorI4EdgeSaIS1_EE
FNF:5
FNH:4
DA:9,2
DA:11,2
DA:12,12
DA:14,10
DA:16,2
DA:19,2
DA:21,2
DA:23,0
DA:26,4
DA:29,12
DA:31,10
DA:32,10
DA:36,14
DA:38,84
DA:40,504
DA:42,720
DA:43,720
DA:44,238
DA:46,56
DA:53,2
DA:54,14
DA:56,42
DA:58,30
DA:60,30
DA:65,2
DA:66,2
DA:68,2
DA:70,2
DA:72,0
DA:75,2
DA:76,4
DA:79,12
DA:81,10
DA:82,10
DA:86,14
DA:88,84
DA:90,504
DA:92,720
DA:93,720
DA:94,238
DA:96,56
DA:103,2
DA:104,2
DA:105,14
DA:107,42
DA:109,30
DA:111,30
DA:112,30
DA:118,2
DA:119,2
DA:121,2
DA:123,2
DA:124,0
DA:126,2
DA:127,4
DA:130,12
DA:132,10
DA:133,10
DA:137,14
DA:139,84
DA:141,504
DA:143,720
DA:144,720
DA:145,238
DA:147,56
DA:154,2
DA:155,14
DA:157,42
DA:159,30
DA:161,30
DA:166,2
DA:167,2
DA:169,0
DA:171,0
DA:172,0
DA:173,0
DA:174,0
DA:175,0
LF:78
LH:69
end_of_record
TN:
SF:/home/orelshalem/final-project-OS-threadpool/src/common/PrimMST.cpp
FN:9,_ZN7PrimMST7findMSTERK5Graph
FNDA:1,_ZN7PrimMST7findMSTERK5Graph
FNF:1
FNH:1
DA:9,1
DA:11,1
DA:13,0
DA:16,1
DA:17,1
DA:18,1
DA:19,1
DA:20,1
DA:22,1
DA:24,1
DA:25,1
DA:26,1
DA:28,8
DA:30,7
DA:31,7
DA:33,7
DA:34,1
DA:36,6
DA:38,6
DA:40,5
DA:43,22
DA:45,16
DA:46,16
DA:48,16
DA:50,6
DA:51,6
DA:52,6
DA:54,6
DA:57,2
DA:58,1
LF:30
LH:29
end_of_record
TN:
SF:/home/orelshalem/final-project-OS-threadpool/src/main.cpp
FN:11,_Z13signalHandleri
FN:20,_Z18consoleInputThreadR6Server
FN:37,main
FNDA:1,_Z13signalHandleri
FNDA:1,main
FNDA:1,_Z18consoleInputThreadR6Server
FNF:3
FNH:3
DA:11,1
DA:13,1
DA:15,1
DA:17,1
DA:20,1
DA:22,1
DA:25,176203011
DA:26,176203010
DA:28,0
DA:29,0
DA:30,0
DA:31,0
DA:32,0
DA:35,0
DA:37,1
DA:40,1
DA:41,1
DA:44,1
DA:45,1
DA:48,1
DA:50,1
DA:53,0
DA:55,0
DA:57,0
DA:59,0
DA:60,0
LF:26
LH:15
end_of_record
TN:
SF:/home/orelshalem/final-project-OS-threadpool/src/server/Server.cpp
FN:20,_ZN6ServerC2Ei
FN:61,_ZN6ServerD2Ev
FN:66,_ZN6Server3runEv
FN:119,_ZZN6Server3runEvENKUlvE_clEv
FN:135,_ZN6Server8shutdownEv
FN:156,_ZN6Server12handleClientEi
FN:248,_ZN6Server17handleInitCommandEiRNSt7__cxx1119basic_istringstreamIcSt11char_traitsIcESaIcEEE
FN:337,_ZN6Server22handleAddVertexCommandEiRNSt7__cxx1119basic_istringstreamIcSt11char_traitsIcESaIcEEE
FN:413,_ZN6Server20handleAddEdgeCommandEiRNSt7__cxx1119basic_istringstreamIcSt11char_traitsIcESaIcEEE
FN:451,_ZN6Server23handleRemoveEdgeCommandEiRNSt7__cxx1119basic_istringstreamIcSt11char_traitsIcESaIcEEE
FN:485,_ZN6Server25handleRemoveVertexCommandEiRNSt7__cxx1119basic_istringstreamIcSt11char_traitsIcESaIcEEE
FN:517,_ZN6Server16handleMSTCommandEi
FN:578,_ZZN6Server16handleMSTCommandEiENKUliiNSt7__cxx1112basic_stringIcSt11char_traitsIcESaIcEEERSt13unordered_setIiSt4hashIiESt8equal_toIiESaIiEEE_clEiiS5_SD_
FN:590,_ZZZN6Server16handleMSTCommandEiENKUliiNSt7__cxx1112basic_stringIcSt11char_traitsIcESaIcEEERSt13unordered_setIiSt4hashIiESt8equal_toIiESaIiEEE_clEiiS5_SD_ENKUlRKT_E_clISt4pairIiiEEEDaSH_
FN:619,_ZN6Server19handleMetricCommandEiRNSt7__cxx1119basic_istringstreamIcSt11char_traitsIcESaIcEEE
FN:670,_ZN6Server25handleChangeWeightCommandEiRNSt7__cxx1119basic_istringstreamIcSt11char_traitsIcESaIcEEE
FN:698,_ZN6Server23handlePrintGraphCommandEi
FN:711,_ZN6Server12sendResponseEiRKNSt7__cxx1112basic_stringIcSt11char_traitsIcESaIcEEE
FN:718,_ZN6Server8sendMenuEi
FN:739,_ZN6Server16acquireGraphLockEi
FN:751,_ZN6Server16releaseGraphLockEv
FNDA:1,_ZN6Server3runEv
FNDA:1,_ZN6Server23handlePrintGraphCommandEi
FNDA:70,_ZN6Server12sendResponseEiRKNSt7__cxx1112basic_stringIcSt11char_traitsIcESaIcEEE
FNDA:2,_ZN6Server23handleRemoveEdgeCommandEiRNSt7__cxx1119basic_istringstreamIcSt11char_traitsIcESaIcEEE
FNDA:15,_ZZN6Server16handleMSTCommandEiENKUliiNSt7__cxx1112basic_stringIcSt11char_traitsIcESaIcEEERSt13unordered_setIiSt4hashIiESt8equal_toIiESaIiEEE_clEiiS5_SD_
FNDA:25,_ZN6Server16releaseGraphLockEv
FNDA:1,_ZN6ServerC2Ei
FNDA:13,_ZZZN6Server16handleMSTCommandEiENKUliiNSt7__cxx1112basic_stringIcSt11char_traitsIcESaIcEEERSt13unordered_setIiSt4hashIiESt8equal_toIiESaIiEEE_clEiiS5_SD_ENKUlRKT_E_clISt4pairIiiEEEDaSH_
FNDA:8,_ZN6Server19handleMetricCommandEiRNSt7__cxx1119basic_istringstreamIcSt11char_traitsIcESaIcEEE
FNDA:25,_ZN6Server16acquireGraphLockEi
FNDA:2,_ZN6Server25handleRemoveVertexCommandEiRNSt7__cxx1119basic_istringstreamIcSt11char_traitsIcESaIcEEE
FNDA:1,_ZN6Server22handleAddVertexCommandEiRNSt7__cxx1119basic_istringstreamIcSt11char_traitsIcESaIcEEE
FNDA:5,_ZN6Server20handleAddEdgeCommandEiRNSt7__cxx1119basic_istringstreamIcSt11char_traitsIcESaIcEEE
FNDA:1,_ZN6Server8sendMenuEi
FNDA:2,_ZN6Server17handleInitCommandEiRNSt7__cxx1119basic_istringstreamIcSt11char_traitsIcESaIcEEE
FNDA:1,_ZN6Server8shutdownEv
FNDA:1,_ZN6Server25handleChangeWeightCommandEiRNSt7__cxx1119basic_istringstreamIcSt11char_traitsIcESaIcEEE
FNDA:1,_ZN6Server12handleClientEi
FNDA:1,_ZZN6Server3runEvENKUlvE_clEv
FNDA:3,_ZN6Server16handleMSTCommandEi
FNDA:0,_ZN6ServerD2Ev
FNF:21
FNH:20
DA:20,1
DA:22,1
DA:23,1
DA:25,0
DA:26,0
DA:29,1
DA:30,1
DA:31,1
DA:33,1
DA:34,1
DA:36,0
DA:37,0
DA:38,0
DA:41,1
DA:43,0
DA:44,0
DA:45,0
DA:48,1
DA:50,0
DA:51,0
DA:52,0
DA:56,1
DA:57,1
DA:58,1
DA:59,1
DA:61,0
DA:63,0
DA:64,0
DA:66,1
DA:68,9
DA:71,153
DA:74,9
DA:75,9
DA:77,0
DA:79,9
DA:80,9
DA:83,9
DA:84,9
DA:88,9
DA:89,9
DA:90,9
DA:92,9
DA:94,8
DA:96,0
DA:97,7
DA:98,0
DA:99,0
DA:102,8
DA:103,7
DA:106,1
DA:107,1
DA:109,1
DA:110,1
DA:112,0
DA:113,0
DA:114,0
DA:115,0
DA:116,0
DA:117,0
DA:119,1
DA:120,1
DA:122,1
DA:126,0
DA:127,0
DA:129,0
DA:130,0
DA:132,0
DA:133,0
DA:135,1
DA:137,1
DA:140,1
DA:141,1
DA:142,1
DA:145,1
DA:146,1
DA:148,1
DA:149,1
DA:151,1
DA:153,1
DA:154,1
DA:156,1
DA:158,1
DA:160,26
DA:162,26
DA:163,26
DA:164,26
DA:167,1
DA:170,26
DA:171,26
DA:172,26
DA:175,26
DA:176,26
DA:177,26
DA:179,26
DA:181,0
DA:184,26
DA:185,26
DA:186,26
DA:189,26
DA:190,26
DA:191,26
DA:193,26
DA:195,2
DA:197,24
DA:199,1
DA:201,23
DA:203,5
DA:205,18
DA:207,2
DA:209,16
DA:211,2
DA:213,14
DA:215,3
DA:217,11
DA:219,8
DA:221,3
DA:223,0
DA:225,3
DA:227,1
DA:228,1
DA:230,2
DA:232,1
DA:234,1
DA:236,1
DA:240,0
DA:241,0
DA:243,28
DA:245,1
DA:246,1
DA:248,2
DA:250,2
DA:252,0
DA:256,2
DA:258,0
DA:259,0
DA:260,0
DA:263,2
DA:265,2
DA:266,2
DA:267,2
DA:268,2
DA:270,0
DA:271,0
DA:272,0
DA:275,2
DA:278,2
DA:279,2
DA:280,2
DA:282,0
DA:283,0
DA:286,2
DA:287,2
DA:288,2
DA:290,2
DA:292,2
DA:294,0
DA:295,0
DA:296,0
DA:299,2
DA:301,15
DA:303,13
DA:304,13
DA:305,13
DA:307,0
DA:309,13
DA:310,13
DA:312,13
DA:314,13
DA:316,13
DA:317,13
DA:321,0
DA:326,0
DA:328,13
DA:330,2
DA:331,2
DA:332,2
DA:334,2
DA:335,2
DA:337,1
DA:339,1
DA:341,0
DA:344,1
DA:345,1
DA:347,1
DA:348,1
DA:350,1
DA:351,1
DA:352,1
DA:354,0
DA:355,0
DA:358,1
DA:359,1
DA:364,1
DA:366,0
DA:368,0
DA:369,0
DA:370,0
DA:371,0
DA:373,1
DA:375,1
DA:376,1
DA:377,1
DA:378,1
DA:380,0
DA:381,0
DA:384,1
DA:385,1
DA:390,1
DA:392,0
DA:394,0
DA:395,0
DA:396,0
DA:397,0
DA:399,1
DA:400,1
DA:401,1
DA:404,0
DA:407,1
DA:408,1
DA:410,1
DA:411,1
DA:413,5
DA:415,5
DA:417,1
DA:420,5
DA:424,5
DA:426,0
DA:428,0
DA:429,0
DA:430,0
DA:431,0
DA:433,5
DA:434,10
DA:436,1
DA:437,1
DA:438,1
DA:441,4
DA:442,12
DA:443,16
DA:445,4
DA:446,4
DA:448,4
DA:449,4
DA:451,2
DA:453,2
DA:455,0
DA:458,2
DA:460,2
DA:462,2
DA:463,4
DA:465,0
DA:466,0
DA:467,0
DA:470,2
DA:472,2
DA:476,0
DA:479,2
DA:480,2
DA:482,2
DA:483,2
DA:485,2
DA:487,2
DA:489,0
DA:491,2
DA:494,2
DA:496,0
DA:497,0
DA:498,0
DA:501,2
DA:503,0
DA:504,0
DA:505,0
DA:508,2
DA:509,2
DA:511,2
DA:512,2
DA:514,2
DA:515,2
DA:517,3
DA:519,3
DA:521,0
DA:524,3
DA:526,0
DA:527,0
DA:528,0
DA:531,3
DA:533,3
DA:534,3
DA:535,3
DA:537,0
DA:538,0
DA:540,3
DA:541,3
DA:543,3
DA:545,0
DA:546,0
DA:547,0
DA:550,3
DA:553,3
DA:554,3
DA:555,3
DA:556,3
DA:557,0
DA:559,0
DA:560,0
DA:561,0
DA:562,0
DA:564,3
DA:565,3
DA:566,3
DA:569,3
DA:570,15
DA:572,12
DA:573,12
DA:578,15
DA:580,15
DA:581,0
DA:582,15
DA:584,15
DA:585,15
DA:587,15
DA:589,12
DA:590,13
DA:591,13
DA:592,12
DA:594,12
DA:597,15
DA:599,15
DA:601,39
DA:603,24
DA:605,12
DA:608,3
DA:611,3
DA:612,3
DA:614,3
DA:616,3
DA:617,3
DA:619,8
DA:621,8
DA:623,0
DA:626,8
DA:628,0
DA:629,0
DA:630,0
DA:633,8
DA:635,0
DA:636,0
DA:637,0
DA:640,8
DA:641,8
DA:643,8
DA:644,8
DA:646,2
DA:648,6
DA:650,2
DA:652,4
DA:654,2
DA:656,2
DA:658,2
DA:662,0
DA:665,8
DA:667,8
DA:668,8
DA:670,1
DA:672,1
DA:674,0
DA:678,1
DA:680,0
DA:681,0
DA:682,0
DA:685,1
DA:687,0
DA:688,0
DA:692,1
DA:695,1
DA:698,1
DA:700,1
DA:702,0
DA:705,1
DA:706,1
DA:708,1
DA:709,1
DA:711,70
DA:713,70
DA:714,70
DA:715,70
DA:716,70
DA:718,1
DA:720,1
DA:734,1
DA:736,1
DA:737,1
DA:739,25
DA:741,25
DA:742,25
DA:744,0
DA:745,0
DA:747,25
DA:748,25
DA:749,25
DA:751,25
DA:753,25
DA:754,25
DA:755,25
DA:756,25
LF:405
LH:291
end_of_record
TN:
SF:/home/orelshalem/final-project-OS-threadpool/src/server/Server.hpp
FN:23,_ZN6Server8lockCoutEv
FN:24,_ZN6Server10unlockCoutEv
FNDA:0,_ZN6Server8lockCoutEv
FNDA:0,_ZN6Server10unlockCoutEv
FNF:2
FNH:0
DA:23,0
DA:24,0
LF:2
LH:0
end_of_record
TN:
SF:/home/orelshalem/final-project-OS-threadpool/src/utils/ThreadPool.cpp
FN:3,_ZN10ThreadPoolC2Em
FN:7,_ZZN10ThreadPoolC4EmENKUlvE_clEv
FN:12,_ZN10ThreadPoolD2Ev
FN:17,_ZN10ThreadPool7enqueueESt8functionIFvvEE
FN:24,_ZN10ThreadPool12workerThreadEv
FN:31,_ZZN10ThreadPool12workerThreadEvENKUlvE_clEv
FN:42,_ZN10ThreadPool4exitEv
FNDA:0,_ZN10ThreadPoolD2Ev
FNDA:1,_ZN10ThreadPool4exitEv
FNDA:4,_ZZN10ThreadPoolC4EmENKUlvE_clEv
FNDA:10,_ZZN10ThreadPool12workerThreadEvENKUlvE_clEv
FNDA:1,_ZN10ThreadPool7enqueueESt8functionIFvvEE
FNDA:4,_ZN10ThreadPool12workerThreadEv
FNDA:1,_ZN10ThreadPoolC2Em
FNF:7
FNH:6
DA:3,1
DA:5,5
DA:7,4
DA:8,4
DA:10,1
DA:12,0
DA:14,0
DA:15,0
DA:17,1
DA:19,1
DA:20,1
DA:21,1
DA:22,1
DA:24,5
DA:28,5
DA:30,5
DA:31,5
DA:32,10
DA:33,5
DA:34,8
DA:35,1
DA:36,1
DA:37,5
DA:38,1
DA:39,6
DA:42,1
DA:45,1
DA:46,1
DA:47,1
DA:48,1
DA:49,5
DA:51,4
DA:55,4
DA:57,0
DA:60,0
DA:63,1
LF:36
LH:31
end_of_record
