TN:
SF:/home/orelshalem/final-project-OS-threadpool/src/client/client.cpp
FN:7,main
FNDA:7,main
FNF:1
FNH:1
DA:7,7
DA:9,7
DA:10,7
DA:12,0
DA:13,0
DA:17,7
DA:18,7
DA:20,7
DA:22,0
DA:23,0
DA:26,7
DA:28,1
DA:29,1
DA:32,6
DA:36,127
DA:37,127
DA:38,127
DA:40,1
DA:41,1
DA:43,126
DA:45,126
DA:46,126
DA:47,126
DA:49,126
DA:51,5
DA:52,5
DA:54,247
DA:56,6
DA:57,6
LF:29
LH:25
end_of_record
TN:
SF:/home/orelshalem/final-project-OS-threadpool/src/common/Graph.cpp
FN:12,_ZN5GraphC2Ev
FN:19,_ZN5GraphC2Ei
FN:29,_ZN5Graph7addEdgeEiii
FN:38,_ZN5Graph9addVertexEv
FN:46,_ZN5Graph10removeEdgeEii
FN:53,_ZZN5Graph10removeEdgeEiiENKUlRK4EdgeE_clES2_
FN:57,_ZZN5Graph10removeEdgeEiiENKUlRK4EdgeE0_clES2_
FN:70,_ZN5Graph12removeVertexEi
FN:82,_ZZN5Graph12removeVertexEiENKUlRK4EdgeE_clES2_
FN:107,_ZN5Graph12changeWeightEiii
FN:114,_ZZN5Graph12changeWeightEiiiENKUlRK4EdgeE_clES2_
FN:117,_ZZN5Graph12changeWeightEiiiENKUlRK4EdgeE0_clES2_
FN:133,_ZNK5Graph16getAdjacentEdgesEi
FN:144,_ZNK5Graph11getVerticesEv
FN:150,_ZNK5Graph8getEdgesEv
FN:161,_ZNK5Graph10printGraphEv
FN:175,_ZNK5Graph8toStringB5cxx11Ev
FN:198,_ZNK5Graph11isConnectedEv
FN:208,_ZNK5Graph13isInitializedEv
FN:213,_ZN5Graph5clearEv
FNDA:0,_ZN5Graph12removeVertexEi
FNDA:0,_ZZN5Graph12changeWeightEiiiENKUlRK4EdgeE_clES2_
FNDA:0,_ZZN5Graph10removeEdgeEiiENKUlRK4EdgeE0_clES2_
FNDA:0,_ZZN5Graph12removeVertexEiENKUlRK4EdgeE_clES2_
FNDA:0,_ZNK5Graph8getEdgesEv
FNDA:0,_ZNK5Graph13isInitializedEv
FNDA:3,_ZNK5Graph8toStringB5cxx11Ev
FNDA:3,_ZN5GraphC2Ev
FNDA:7,_ZN5Graph9addVertexEv
FNDA:0,_ZN5Graph10removeEdgeEii
FNDA:0,_ZNK5Graph11isConnectedEv
FNDA:0,_ZN5Graph12changeWeightEiii
FNDA:66,_ZNK5Graph11getVerticesEv
FNDA:0,_ZN5GraphC2Ei
FNDA:4,_ZN5Graph5clearEv
FNDA:6,_ZNK5Graph16getAdjacentEdgesEi
FNDA:3,_ZN5Graph7addEdgeEiii
FNDA:0,_ZNK5Graph10printGraphEv
FNDA:0,_ZZN5Graph10removeEdgeEiiENKUlRK4EdgeE_clES2_
FNDA:0,_ZZN5Graph12changeWeightEiiiENKUlRK4EdgeE0_clES2_
FNF:20
FNH:7
DA:12,3
DA:16,3
DA:19,0
DA:22,0
DA:24,0
DA:26,0
DA:29,3
DA:31,3
DA:33,3
DA:34,3
DA:35,3
DA:38,7
DA:40,7
DA:41,7
DA:42,7
DA:46,0
DA:48,0
DA:49,0
DA:52,0
DA:53,0
DA:54,0
DA:56,0
DA:57,0
DA:58,0
DA:60,0
DA:63,0
DA:64,0
DA:66,0
DA:70,0
DA:72,0
DA:74,0
DA:78,0
DA:80,0
DA:81,0
DA:82,0
DA:83,0
DA:84,0
DA:88,0
DA:91,0
DA:92,0
DA:94,0
DA:95,0
DA:97,0
DA:98,0
DA:101,0
DA:103,0
DA:104,0
DA:107,0
DA:109,0
DA:110,0
DA:113,0
DA:114,0
DA:115,0
DA:116,0
DA:117,0
DA:118,0
DA:120,0
DA:122,0
DA:126,0
DA:127,0
DA:129,0
DA:133,6
DA:135,6
DA:136,6
DA:138,6
DA:140,0
DA:144,66
DA:146,66
DA:150,0
DA:152,0
DA:153,0
DA:155,0
DA:157,0
DA:161,0
DA:163,0
DA:165,0
DA:166,0
DA:168,0
DA:170,0
DA:172,0
DA:175,3
DA:177,3
DA:178,3
DA:179,10
DA:181,7
DA:182,7
DA:183,7
DA:185,1
DA:189,12
DA:191,6
DA:195,6
DA:196,3
DA:198,0
DA:200,0
DA:202,0
DA:205,0
DA:208,0
DA:210,0
DA:213,4
DA:215,4
DA:217,4
LF:101
LH:32
end_of_record
TN:
SF:/home/orelshalem/final-project-OS-threadpool/src/common/Graph.hpp
FN:9,_ZN4EdgeC2Eiii
FN:12,_ZNK4EdgeltERKS_
FNDA:9,_ZN4EdgeC2Eiii
FNDA:0,_ZNK4EdgeltERKS_
FNF:2
FNH:1
DA:9,9
DA:12,0
DA:14,0
LF:3
LH:1
end_of_record
TN:
SF:/home/orelshalem/final-project-OS-threadpool/src/common/KruskalMST.cpp
FN:11,_ZN10KruskalMST7findMSTERK5Graph
FN:40,_ZZN10KruskalMST7findMSTERK5GraphENKUliE_clEi
FN:50,_ZZN10KruskalMST7findMSTERK5GraphENKUliiE0_clEii
FNDA:0,_ZN10KruskalMST7findMSTERK5Graph
FNDA:0,_ZZN10KruskalMST7findMSTERK5GraphENKUliiE0_clEii
FNDA:0,_ZZN10KruskalMST7findMSTERK5GraphENKUliE_clEi
FNF:3
FNH:0
DA:11,0
DA:13,0
DA:15,0
DA:18,0
DA:19,0
DA:20,0
DA:23,0
DA:25,0
DA:26,0
DA:27,0
DA:30,0
DA:33,0
DA:34,0
DA:36,0
DA:40,0
DA:42,0
DA:44,0
DA:46,0
DA:47,0
DA:50,0
DA:52,0
DA:53,0
DA:54,0
DA:56,0
DA:58,0
DA:61,0
DA:63,0
DA:64,0
DA:66,0
DA:68,0
DA:69,0
DA:72,0
DA:74,0
DA:78,0
DA:79,0
LF:35
LH:0
end_of_record
TN:
SF:/home/orelshalem/final-project-OS-threadpool/src/common/MSTFactory.cpp
FN:10,_ZN10MSTFactory9createMSTERKNSt7__cxx1112basic_stringIcSt11char_traitsIcESaIcEEE
FNDA:7,_ZN10MSTFactory9createMSTERKNSt7__cxx1112basic_stringIcSt11char_traitsIcESaIcEEE
FNF:1
FNH:1
DA:10,7
DA:12,7
DA:13,7
DA:15,7
DA:17,7
DA:19,0
DA:21,0
DA:25,0
DA:27,7
LF:9
LH:6
end_of_record
TN:
SF:/home/orelshalem/final-project-OS-threadpool/src/common/MSTMetrics.cpp
FN:9,_ZN10MSTMetrics14getTotalWeightERKSt6vectorI4EdgeSaIS1_EE
FN:19,_ZN10MSTMetrics18getLongestDistanceERK5GraphRKSt6vectorI4EdgeSaIS4_EE
FN:68,_ZN10MSTMetrics18getAverageDistanceERK5GraphRKSt6vectorI4EdgeSaIS4_EE
FN:121,_ZN10MSTMetrics19getShortestDistanceERKSt6vectorI4EdgeSaIS1_EE
FN:169,_ZN10MSTMetrics16calculateMetricsERK5GraphRKSt6vectorI4EdgeSaIS4_EE
FNDA:6,_ZN10MSTMetrics18getLongestDistanceERK5GraphRKSt6vectorI4EdgeSaIS4_EE
FNDA:6,_ZN10MSTMetrics19getShortestDistanceERKSt6vectorI4EdgeSaIS1_EE
FNDA:3,_ZN10MSTMetrics16calculateMetricsERK5GraphRKSt6vectorI4EdgeSaIS4_EE
FNDA:6,_ZN10MSTMetrics18getAverageDistanceERK5GraphRKSt6vectorI4EdgeSaIS4_EE
FNDA:6,_ZN10MSTMetrics14getTotalWeightERKSt6vectorI4EdgeSaIS1_EE
FNF:5
FNH:5
DA:9,6
DA:11,6
DA:12,12
DA:14,6
DA:16,6
DA:19,6
DA:21,6
DA:23,0
DA:26,12
DA:29,12
DA:31,6
DA:32,6
DA:36,18
DA:38,36
DA:40,72
DA:42,84
DA:43,84
DA:44,30
DA:46,12
DA:53,6
DA:54,18
DA:56,18
DA:58,6
DA:60,6
DA:65,6
DA:66,6
DA:68,6
DA:70,6
DA:72,0
DA:75,6
DA:76,12
DA:79,12
DA:81,6
DA:82,6
DA:86,18
DA:88,36
DA:90,72
DA:92,84
DA:93,84
DA:94,30
DA:96,12
DA:103,6
DA:104,6
DA:105,18
DA:107,18
DA:109,6
DA:111,6
DA:112,6
DA:118,6
DA:119,6
DA:121,6
DA:123,6
DA:124,0
DA:126,6
DA:127,12
DA:130,12
DA:132,6
DA:133,6
DA:137,18
DA:139,36
DA:141,72
DA:143,84
DA:144,84
DA:145,30
DA:147,12
DA:154,6
DA:155,18
DA:157,18
DA:159,6
DA:161,6
DA:166,6
DA:167,6
DA:169,3
DA:171,3
DA:172,3
DA:173,3
DA:174,3
DA:175,3
LF:78
LH:75
end_of_record
TN:
SF:/home/orelshalem/final-project-OS-threadpool/src/common/PrimMST.cpp
FN:9,_ZN7PrimMST7findMSTERK5Graph
FNDA:7,_ZN7PrimMST7findMSTERK5Graph
FNF:1
FNH:1
DA:9,7
DA:11,7
DA:13,0
DA:16,7
DA:17,7
DA:18,7
DA:19,7
DA:20,7
DA:22,7
DA:24,7
DA:25,7
DA:26,7
DA:28,21
DA:30,14
DA:31,14
DA:33,14
DA:34,0
DA:36,14
DA:38,14
DA:40,7
DA:43,28
DA:45,14
DA:46,14
DA:48,14
DA:50,7
DA:51,7
DA:52,7
DA:54,14
DA:57,14
DA:58,7
LF:30
LH:28
end_of_record
TN:
SF:/home/orelshalem/final-project-OS-threadpool/src/server/server.cpp
FN:14,_ZN12ServerClientC2EiSt10shared_ptrI5GraphER10ThreadPool
FN:17,_ZN12ServerClient6handleEv
FN:37,_ZN12ServerClient8sendMenuEv
FN:52,_ZN12ServerClient13receiveChoiceB5cxx11Ev
FN:64,_ZN12ServerClient12sendResponseERKNSt7__cxx1112basic_stringIcSt11char_traitsIcESaIcEEE
FN:69,_ZN12ServerClient12handleChoiceERKNSt7__cxx1112basic_stringIcSt11char_traitsIcESaIcEEE
FN:117,_ZN12ServerClient25buildGraphFromClientInputEv
FN:149,_ZN12ServerClient15handleAddVertexEv
FN:155,_ZN12ServerClient13handleAddEdgeEv
FN:167,_ZN12ServerClient18handleRemoveVertexEv
FN:181,_ZN12ServerClient16handleRemoveEdgeEv
FN:197,_ZN12ServerClient10computeMSTEv
FN:225,_ZN12ServerClient16handleMSTQueriesEv
FN:244,_ZN12ServerClient10printGraphEv
FN:249,main
FN:256,_ZZ4mainENKUlvE_clEv
FNDA:0,_ZN12ServerClient18handleRemoveVertexEv
FNDA:4,_ZN12ServerClient6handleEv
FNDA:15,_ZN12ServerClient8sendMenuEv
FNDA:4,_ZN12ServerClientC2EiSt10shared_ptrI5GraphER10ThreadPool
FNDA:3,_ZZ4mainENKUlvE_clEv
FNDA:0,_ZN12ServerClient15handleAddVertexEv
FNDA:0,_ZN12ServerClient13handleAddEdgeEv
FNDA:2,_ZN12ServerClient10computeMSTEv
FNDA:3,main
FNDA:3,_ZN12ServerClient10printGraphEv
FNDA:15,_ZN12ServerClient12handleChoiceERKNSt7__cxx1112basic_stringIcSt11char_traitsIcESaIcEEE
FNDA:46,_ZN12ServerClient12sendResponseERKNSt7__cxx1112basic_stringIcSt11char_traitsIcESaIcEEE
FNDA:4,_ZN12ServerClient25buildGraphFromClientInputEv
FNDA:1,_ZN12ServerClient16handleMSTQueriesEv
FNDA:0,_ZN12ServerClient16handleRemoveEdgeEv
FNDA:30,_ZN12ServerClient13receiveChoiceB5cxx11Ev
FNF:16
FNH:12
DA:14,4
DA:15,4
DA:17,4
DA:19,4
DA:20,4
DA:21,15
DA:23,15
DA:24,15
DA:26,0
DA:28,15
DA:29,15
DA:31,4
DA:33,11
DA:34,15
DA:35,4
DA:37,15
DA:48,15
DA:49,15
DA:50,15
DA:52,30
DA:54,30
DA:55,30
DA:56,30
DA:58,0
DA:59,0
DA:61,30
DA:64,46
DA:66,46
DA:67,46
DA:69,15
DA:71,15
DA:72,15
DA:74,15
DA:76,4
DA:78,11
DA:80,0
DA:82,11
DA:84,0
DA:86,11
DA:88,0
DA:90,11
DA:92,0
DA:94,11
DA:96,2
DA:98,9
DA:100,1
DA:102,8
DA:104,3
DA:106,5
DA:108,4
DA:109,4
DA:113,1
DA:115,15
DA:117,4
DA:119,4
DA:120,4
DA:121,4
DA:122,11
DA:124,7
DA:127,4
DA:128,4
DA:130,4
DA:131,8
DA:133,4
DA:134,4
DA:136,4
DA:138,3
DA:142,1
DA:144,4
DA:146,4
DA:147,4
DA:149,0
DA:151,0
DA:152,0
DA:153,0
DA:155,0
DA:157,0
DA:158,0
DA:159,0
DA:160,0
DA:161,0
DA:162,0
DA:163,0
DA:164,0
DA:165,0
DA:167,0
DA:169,0
DA:170,0
DA:171,0
DA:173,0
DA:177,0
DA:179,0
DA:181,0
DA:183,0
DA:184,0
DA:185,0
DA:186,0
DA:187,0
DA:189,0
DA:193,0
DA:195,0
DA:197,2
DA:199,2
DA:200,2
DA:201,2
DA:202,2
DA:204,2
DA:205,2
DA:206,2
DA:207,2
DA:208,2
DA:210,2
DA:211,4
DA:213,2
DA:214,2
DA:215,2
DA:216,2
DA:219,2
DA:220,2
DA:222,2
DA:223,2
DA:225,1
DA:227,1
DA:228,1
DA:229,1
DA:230,1
DA:233,1
DA:235,1
DA:236,1
DA:237,1
DA:238,1
DA:239,1
DA:240,1
DA:241,1
DA:242,1
DA:244,3
DA:246,3
DA:247,3
DA:249,3
DA:251,3
DA:252,3
DA:254,3
DA:256,3
DA:258,3
DA:259,3
DA:261,3
DA:262,3
DA:264,3
DA:265,3
DA:267,6
DA:269,1126
DA:271,1123
DA:274,3
DA:275,3
DA:277,3
DA:279,3
DA:282,3
DA:283,3
LF:158
LH:121
end_of_record
TN:
SF:/home/orelshalem/final-project-OS-threadpool/src/utils/threadpool.cpp
FN:12,_ZN6ClientC2EiSt10shared_ptrI5GraphE
FN:14,_ZN6Client11isConnectedEv
FN:16,_ZN6ClientD0Ev
FN:16,_ZN6ClientD2Ev
FN:26,_ZN10LeaderTaskC2Ei
FN:27,_ZN10LeaderTask6handleEv
FN:28,_ZN10LeaderTask11isConnectedEv
FN:30,_ZN10ThreadPoolC2Em
FN:38,_ZN10ThreadPoolD2Ev
FN:43,_ZN10ThreadPool5startEv
FN:84,_ZN10ThreadPool4stopEv
FN:113,_ZN10ThreadPool15handleNewClientESt10shared_ptrI6ClientE
FN:122,_ZN10ThreadPool12workerThreadEv
FN:129,_ZZN10ThreadPool12workerThreadEvENKUlvE_clEv
FN:156,_ZN10ThreadPool12leaderThreadEi
FN:230,_ZN10ThreadPool9lockGraphEv
FN:235,_ZN10ThreadPool11unlockGraphEv
FN:240,_ZN10ThreadPool13getGraphMutexEv
FNDA:3,_ZN10ThreadPoolD2Ev
FNDA:8,_ZN6ClientC2EiSt10shared_ptrI5GraphE
FNDA:8,_ZN6ClientD2Ev
FNDA:26,_ZZN10ThreadPool12workerThreadEvENKUlvE_clEv
FNDA:0,_ZN10ThreadPool11unlockGraphEv
FNDA:3,_ZN10ThreadPool5startEv
FNDA:0,_ZN6ClientD0Ev
FNDA:0,_ZN10LeaderTask6handleEv
FNDA:0,_ZN10LeaderTask11isConnectedEv
FNDA:15,_ZN10ThreadPool9lockGraphEv
FNDA:7,_ZN10ThreadPool12leaderThreadEi
FNDA:12,_ZN10ThreadPool12workerThreadEv
FNDA:0,_ZN10ThreadPool15handleNewClientESt10shared_ptrI6ClientE
FNDA:6,_ZN10ThreadPool4stopEv
FNDA:15,_ZN10ThreadPool13getGraphMutexEv
FNDA:8,_ZN6Client11isConnectedEv
FNDA:4,_ZN10LeaderTaskC2Ei
FNDA:3,_ZN10ThreadPoolC2Em
FNF:18
FNH:13
DA:12,8
DA:14,8
DA:16,8
DA:18,8
DA:20,4
DA:21,4
DA:23,8
DA:26,4
DA:27,0
DA:28,0
DA:30,3
DA:32,15
DA:34,12
DA:36,3
DA:38,3
DA:40,3
DA:41,3
DA:43,3
DA:45,3
DA:46,3
DA:48,0
DA:49,0
DA:52,3
DA:53,3
DA:55,0
DA:56,0
DA:57,0
DA:61,3
DA:62,3
DA:63,3
DA:65,3
DA:67,0
DA:68,0
DA:69,0
DA:72,3
DA:74,0
DA:75,0
DA:76,0
DA:79,3
DA:81,3
DA:84,6
DA:87,6
DA:88,6
DA:89,6
DA:90,6
DA:93,6
DA:95,3
DA:96,3
DA:99,30
DA:101,24
DA:103,12
DA:107,6
DA:109,3
DA:111,6
DA:113,0
DA:116,0
DA:117,0
DA:118,0
DA:119,0
DA:120,0
DA:122,12
DA:124,16
DA:126,13
DA:128,13
DA:129,13
DA:130,26
DA:131,13
DA:133,9
DA:135,4
DA:136,4
DA:137,13
DA:139,4
DA:142,4
DA:146,0
DA:147,0
DA:149,0
DA:151,0
DA:152,4
DA:153,13
DA:156,7
DA:158,116
DA:161,1972
DA:162,116
DA:165,116
DA:166,116
DA:168,116
DA:170,116
DA:171,3
DA:173,113
DA:175,0
DA:177,0
DA:179,109
DA:182,113
DA:183,109
DA:186,4
DA:187,4
DA:189,4
DA:191,0
DA:193,0
DA:195,0
DA:198,4
DA:199,4
DA:200,4
DA:202,4
DA:206,4
DA:207,4
DA:208,4
DA:209,4
DA:212,4
DA:213,4
DA:214,4
DA:216,8
DA:218,4
DA:221,4
DA:222,4
DA:223,4
DA:226,4
DA:227,4
DA:230,15
DA:232,15
DA:233,15
DA:235,0
DA:237,0
DA:238,0
DA:240,15
DA:242,15
LF:126
LH:95
end_of_record
TN:
SF:/home/orelshalem/final-project-OS-threadpool/src/utils/threadpool.hpp
FN:79,_Z9safePrintINSt7__cxx1112basic_stringIcSt11char_traitsIcESaIcEEEEvRKT_
FN:79,_Z9safePrintIA19_cEvRKT_
FN:79,_Z9safePrintIA37_cEvRKT_
FN:79,_Z9safePrintIA35_cEvRKT_
FNDA:3,_Z9safePrintIA19_cEvRKT_
FNDA:15,_Z9safePrintINSt7__cxx1112basic_stringIcSt11char_traitsIcESaIcEEEEvRKT_
FNDA:0,_Z9safePrintIA35_cEvRKT_
FNDA:3,_Z9safePrintIA37_cEvRKT_
FNF:4
FNH:3
DA:79,21
DA:81,21
DA:82,21
DA:83,21
LF:4
LH:4
end_of_record
